[debug] [2017-12-05T03:08:45.561Z] ----------------------------------------------------------------------
[debug] [2017-12-05T03:08:45.564Z] Command:      /usr/local/Cellar/node/8.4.0/bin/node /usr/local/bin/firebase serve
[debug] [2017-12-05T03:08:45.564Z] CLI Version:  3.9.1
[debug] [2017-12-05T03:08:45.564Z] Platform:     darwin
[debug] [2017-12-05T03:08:45.564Z] Node Version: v8.4.0
[debug] [2017-12-05T03:08:45.565Z] Time:         Mon Dec 04 2017 20:08:45 GMT-0700 (MST)
[debug] [2017-12-05T03:08:45.565Z] ----------------------------------------------------------------------
[debug] 
[debug] [2017-12-05T03:08:45.576Z] > command requires scopes: ["email","openid","https://www.googleapis.com/auth/cloudplatformprojects.readonly","https://www.googleapis.com/auth/firebase","https://www.googleapis.com/auth/cloud-platform"]
[debug] [2017-12-05T03:08:45.577Z] > authorizing via signed-in user
[debug] [2017-12-05T03:08:45.579Z] > refreshing access token with scopes: ["email","https://www.googleapis.com/auth/cloud-platform","https://www.googleapis.com/auth/cloudplatformprojects.readonly","https://www.googleapis.com/auth/firebase","openid"]
[debug] [2017-12-05T03:08:45.580Z] >>> HTTP REQUEST POST https://www.googleapis.com/oauth2/v3/token { refresh_token: '1/8Qif2_kvDkLyeyNkLsl8AFrD-SSI5eHcdIesbJnPe0Q',
  client_id: '563584335869-fgrhgmd47bqnekij5i8b5pr03ho849e6.apps.googleusercontent.com',
  client_secret: 'j9iVZfS8kkCEFUPaAeJV0sAi',
  grant_type: 'refresh_token',
  scope: 'email https://www.googleapis.com/auth/cloud-platform https://www.googleapis.com/auth/cloudplatformprojects.readonly https://www.googleapis.com/auth/firebase openid' } 
 Mon Dec 04 2017 20:08:45 GMT-0700 (MST)
[debug] [2017-12-05T03:08:45.759Z] <<< HTTP RESPONSE 200
[debug] [2017-12-05T03:08:45.798Z] >>> HTTP REQUEST GET https://admin.firebase.com/v1/projects/box-office-fantasy  
 Mon Dec 04 2017 20:08:45 GMT-0700 (MST)
[debug] [2017-12-05T03:08:46.128Z] <<< HTTP RESPONSE 200
[debug] [2017-12-05T03:08:46.130Z] >>> HTTP REQUEST GET https://admin.firebase.com/v1/database/box-office-fantasy/tokens  
 Mon Dec 04 2017 20:08:46 GMT-0700 (MST)
[debug] [2017-12-05T03:08:46.868Z] <<< HTTP RESPONSE 200
[info] 
[info] === Serving from '/Users/peterostiguy/Desktop/fantasy-box-office/server'...
[info] 
[debug] [2017-12-05T03:08:46.873Z] >>> HTTP REQUEST GET https://cloudresourcemanager.googleapis.com/v1/projects/box-office-fantasy  
 Mon Dec 04 2017 20:08:46 GMT-0700 (MST)
[debug] [2017-12-05T03:08:47.131Z] <<< HTTP RESPONSE 200
[debug] [2017-12-05T03:08:47.132Z] >>> HTTP REQUEST GET https://mobilesdk-pa.googleapis.com/v1/projects/341376681838/clients/_:getWebAppConfig  
 Mon Dec 04 2017 20:08:47 GMT-0700 (MST)
[debug] [2017-12-05T03:08:47.429Z] <<< HTTP RESPONSE 200
[debug] [2017-12-05T03:08:47.461Z] TypeError: Cannot read property 'public' of undefined
[error] 
[error] Error: An unexpected error has occurred.
